<?xml version="1.0" encoding="UTF-8"?>
<!-- Generated by org.testng.reporters.JUnitReportReporter -->
<testsuite hostname="DESKTOP-DNPUUSR" failures="0" tests="1" name="testCases.TC005_AddToCartTest" time="17.137" errors="0" timestamp="2025-02-01T22:25:25 IST" skipped="0">
  <testcase classname="testCases.TC005_AddToCartTest" name="addToCart" time="17.137"/>
</testsuite> <!-- testCases.TC005_AddToCartTest -->
