<?xml version="1.0" encoding="UTF-8"?>
<!-- Generated by org.testng.reporters.JUnitReportReporter -->
<testsuite hostname="DESKTOP-DNPUUSR" failures="0" tests="1" name="testCases.TC004_SearchProductTest" time="1.543" errors="0" timestamp="2025-01-29T22:22:30 IST" skipped="0">
  <testcase classname="testCases.TC004_SearchProductTest" name="f" time="1.543"/>
</testsuite> <!-- testCases.TC004_SearchProductTest -->
