<?xml version="1.0" encoding="UTF-8"?>
<!-- Generated by org.testng.reporters.JUnitReportReporter -->
<testsuite hostname="DESKTOP-DNPUUSR" failures="0" tests="1" name="testCases.TC002_LoginTest" time="1.804" errors="0" timestamp="2025-01-28T18:54:12 IST" skipped="0">
  <testcase classname="testCases.TC002_LoginTest" name="loginTest" time="1.804"/>
</testsuite> <!-- testCases.TC002_LoginTest -->
