<?xml version="1.0" encoding="UTF-8"?>
<!-- Generated by org.testng.reporters.JUnitReportReporter -->
<testsuite hostname="DESKTOP-DNPUUSR" failures="0" tests="1" name="testCases.TC005_AddToCartTest" time="11.702" errors="0" timestamp="2025-02-01T19:39:51 IST" skipped="0">
  <testcase classname="testCases.TC005_AddToCartTest" name="f" time="11.702"/>
</testsuite> <!-- testCases.TC005_AddToCartTest -->
