<?xml version="1.0" encoding="UTF-8"?>
<!-- Generated by org.testng.reporters.JUnitReportReporter -->
<testsuite hostname="DESKTOP-DNPUUSR" failures="0" tests="1" name="testCases.TC005_AddToCartTest" time="17.854" errors="0" timestamp="2025-02-07T18:57:27 IST" skipped="0">
  <testcase classname="testCases.TC005_AddToCartTest" name="addToCart" time="17.854"/>
</testsuite> <!-- testCases.TC005_AddToCartTest -->
