<?xml version="1.0" encoding="UTF-8"?>
<!-- Generated by org.testng.reporters.JUnitReportReporter -->
<testsuite hostname="DESKTOP-DNPUUSR" failures="0" tests="1" name="testCases.TC002_LoginTest" time="1.574" errors="0" timestamp="2025-01-26T12:04:14 IST" skipped="0">
  <testcase classname="testCases.TC002_LoginTest" name="loginTest" time="1.574"/>
</testsuite> <!-- testCases.TC002_LoginTest -->
